\BOOKMARK [1][-]{section.1}{Introduction}{}% 1
\BOOKMARK [2][-]{subsection.1.1}{A subsection}{section.1}% 2
\BOOKMARK [1][-]{section.2}{Airplanes}{}% 3
\BOOKMARK [2][-]{subsection.2.1}{Wings}{section.2}% 4
\BOOKMARK [3][-]{subsubsection.2.1.1}{Flaps}{subsection.2.1}% 5
\BOOKMARK [2][-]{subsection.2.2}{Fuselage}{section.2}% 6
\BOOKMARK [1][-]{section.3}{Analysis}{}% 7
\BOOKMARK [2][-]{subsection.3.1}{Balanced Field Length}{section.3}% 8
\BOOKMARK [2][-]{subsection.3.2}{PyTornado}{section.3}% 9
\BOOKMARK [2][-]{subsection.3.3}{Range}{section.3}% 10
\BOOKMARK [2][-]{subsection.3.4}{Specific Excess Power}{section.3}% 11
\BOOKMARK [2][-]{subsection.3.5}{Trim}{section.3}% 12
\BOOKMARK [3][-]{subsubsection.3.5.1}{Linear Trims}{subsection.3.5}% 13
\BOOKMARK [1][-]{section.4}{Modeling}{}% 14
\BOOKMARK [2][-]{subsection.4.1}{Aerodynamics}{section.4}% 15
\BOOKMARK [2][-]{subsection.4.2}{Propulsion}{section.4}% 16
\BOOKMARK [1][-]{section.5}{Common}{}% 17
\BOOKMARK [2][-]{subsection.5.1}{Atmosphere}{section.5}% 18
\BOOKMARK [2][-]{subsection.5.2}{Earth}{section.5}% 19
\BOOKMARK [2][-]{subsection.5.3}{Equations of Motion}{section.5}% 20
\BOOKMARK [2][-]{subsection.5.4}{Rotations}{section.5}% 21
